<?xml version="1.0" encoding="UTF-8"?>
<!-- Generated by org.testng.reporters.JUnitXMLReporter -->
<testsuite ignored="0" hostname="Milans-MacBook-Air.local" failures="0" tests="2" name="Surefire test" time="12.237" errors="0" timestamp="2024-10-15T15:12:10 IST">
  <testcase classname="io.cucumber.testng.AbstractTestNGCucumberTests" name="runScenario" time="6.139"/>
  <testcase classname="io.cucumber.testng.AbstractTestNGCucumberTests" name="runScenario" time="5.877"/>
</testsuite> <!-- Surefire test -->
